# JRE version: Java(TM) SE Runtime Environment (8.0_51-b16) (build 1.8.0_51-b16)
# Java VM: Java HotSpot(TM) 64-Bit Server VM (25.51-b03 mixed mode windows-amd64 compressed oops)
Heap:
 PSYoungGen      total 251392K, used 30805K [0x00000000eab00000, 0x00000000fd180000, 0x0000000100000000)
  eden space 222720K, 10% used [0x00000000eab00000,0x00000000ec182018,0x00000000f8480000)
  from space 28672K, 27% used [0x00000000fa000000,0x00000000fa7937d0,0x00000000fbc00000)
  to   space 28160K, 0% used [0x00000000f8480000,0x00000000f8480000,0x00000000fa000000)
 ParOldGen       total 111616K, used 44233K [0x00000000c0000000, 0x00000000c6d00000, 0x00000000eab00000)
  object space 111616K, 39% used [0x00000000c0000000,0x00000000c2b32578,0x00000000c6d00000)
 Metaspace       used 53363K, capacity 55970K, committed 56192K, reserved 1097728K
  class space    used 7102K, capacity 8051K, committed 8064K, reserved 1048576K
GC Heap History (10 events):
Event: 1487.821 GC heap before
{Heap before GC invocations=19 (full 4):
 PSYoungGen      total 229888K, used 207222K [0x00000000eab00000, 0x00000000fb480000, 0x0000000100000000)
  eden space 196608K, 100% used [0x00000000eab00000,0x00000000f6b00000,0x00000000f6b00000)
  from space 33280K, 31% used [0x00000000f8a80000,0x00000000f94dd9b0,0x00000000fab00000)
  to   space 32256K, 0% used [0x00000000f6b00000,0x00000000f6b00000,0x00000000f8a80000)
 ParOldGen       total 111616K, used 45413K [0x00000000c0000000, 0x00000000c6d00000, 0x00000000eab00000)
  object space 111616K, 40% used [0x00000000c0000000,0x00000000c2c59710,0x00000000c6d00000)
 Metaspace       used 52162K, capacity 54232K, committed 54400K, reserved 1095680K
  class space    used 6920K, capacity 7712K, committed 7808K, reserved 1048576K
Event: 1487.832 GC heap after
Heap after GC invocations=19 (full 4):
 PSYoungGen      total 228864K, used 14316K [0x00000000eab00000, 0x00000000fc200000, 0x0000000100000000)
  eden space 196608K, 0% used [0x00000000eab00000,0x00000000eab00000,0x00000000f6b00000)
  from space 32256K, 44% used [0x00000000f6b00000,0x00000000f78fb180,0x00000000f8a80000)
  to   space 30720K, 0% used [0x00000000fa400000,0x00000000fa400000,0x00000000fc200000)
 ParOldGen       total 111616K, used 45421K [0x00000000c0000000, 0x00000000c6d00000, 0x00000000eab00000)
  object space 111616K, 40% used [0x00000000c0000000,0x00000000c2c5b710,0x00000000c6d00000)
 Metaspace       used 52162K, capacity 54232K, committed 54400K, reserved 1095680K
  class space    used 6920K, capacity 7712K, committed 7808K, reserved 1048576K
}
Event: 1489.625 GC heap before
{Heap before GC invocations=20 (full 4):
 PSYoungGen      total 228864K, used 210924K [0x00000000eab00000, 0x00000000fc200000, 0x0000000100000000)
  eden space 196608K, 100% used [0x00000000eab00000,0x00000000f6b00000,0x00000000f6b00000)
  from space 32256K, 44% used [0x00000000f6b00000,0x00000000f78fb180,0x00000000f8a80000)
  to   space 30720K, 0% used [0x00000000fa400000,0x00000000fa400000,0x00000000fc200000)
 ParOldGen       total 111616K, used 45421K [0x00000000c0000000, 0x00000000c6d00000, 0x00000000eab00000)
  object space 111616K, 40% used [0x00000000c0000000,0x00000000c2c5b710,0x00000000c6d00000)
 Metaspace       used 52680K, capacity 54850K, committed 54912K, reserved 1095680K
  class space    used 6981K, capacity 7771K, committed 7808K, reserved 1048576K
Event: 1489.635 GC heap after
Heap after GC invocations=20 (full 4):
 PSYoungGen      total 247808K, used 14758K [0x00000000eab00000, 0x00000000fbd00000, 0x0000000100000000)
  eden space 222208K, 0% used [0x00000000eab00000,0x00000000eab00000,0x00000000f8400000)
  from space 25600K, 57% used [0x00000000fa400000,0x00000000fb269bc0,0x00000000fbd00000)
  to   space 29184K, 0% used [0x00000000f8400000,0x00000000f8400000,0x00000000fa080000)
 ParOldGen       total 111616K, used 45429K [0x00000000c0000000, 0x00000000c6d00000, 0x00000000eab00000)
  object space 111616K, 40% used [0x00000000c0000000,0x00000000c2c5d710,0x00000000c6d00000)
 Metaspace       used 52680K, capacity 54850K, committed 54912K, reserved 1095680K
  class space    used 6981K, capacity 7771K, committed 7808K, reserved 1048576K
}
Event: 1489.827 GC heap before
{Heap before GC invocations=21 (full 4):
 PSYoungGen      total 247808K, used 44376K [0x00000000eab00000, 0x00000000fbd00000, 0x0000000100000000)
  eden space 222208K, 13% used [0x00000000eab00000,0x00000000ec7ec7e0,0x00000000f8400000)
  from space 25600K, 57% used [0x00000000fa400000,0x00000000fb269bc0,0x00000000fbd00000)
  to   space 29184K, 0% used [0x00000000f8400000,0x00000000f8400000,0x00000000fa080000)
 ParOldGen       total 111616K, used 45429K [0x00000000c0000000, 0x00000000c6d00000, 0x00000000eab00000)
  object space 111616K, 40% used [0x00000000c0000000,0x00000000c2c5d710,0x00000000c6d00000)
 Metaspace       used 52772K, capacity 54952K, committed 55168K, reserved 1097728K
  class space    used 6995K, capacity 7790K, committed 7808K, reserved 1048576K
Event: 1489.832 GC heap after
Heap after GC invocations=21 (full 4):
 PSYoungGen      total 231936K, used 9312K [0x00000000eab00000, 0x00000000fbc00000, 0x0000000100000000)
  eden space 222208K, 0% used [0x00000000eab00000,0x00000000eab00000,0x00000000f8400000)
  from space 9728K, 95% used [0x00000000f8400000,0x00000000f8d18020,0x00000000f8d80000)
  to   space 28672K, 0% used [0x00000000fa000000,0x00000000fa000000,0x00000000fbc00000)
 ParOldGen       total 111616K, used 45437K [0x00000000c0000000, 0x00000000c6d00000, 0x00000000eab00000)
  object space 111616K, 40% used [0x00000000c0000000,0x00000000c2c5f710,0x00000000c6d00000)
 Metaspace       used 52772K, capacity 54952K, committed 55168K, reserved 1097728K
  class space    used 6995K, capacity 7790K, committed 7808K, reserved 1048576K
}
Event: 1489.832 GC heap before
{Heap before GC invocations=22 (full 5):
 PSYoungGen      total 231936K, used 9312K [0x00000000eab00000, 0x00000000fbc00000, 0x0000000100000000)
  eden space 222208K, 0% used [0x00000000eab00000,0x00000000eab00000,0x00000000f8400000)
  from space 9728K, 95% used [0x00000000f8400000,0x00000000f8d18020,0x00000000f8d80000)
  to   space 28672K, 0% used [0x00000000fa000000,0x00000000fa000000,0x00000000fbc00000)
 ParOldGen       total 111616K, used 45437K [0x00000000c0000000, 0x00000000c6d00000, 0x00000000eab00000)
  object space 111616K, 40% used [0x00000000c0000000,0x00000000c2c5f710,0x00000000c6d00000)
 Metaspace       used 52772K, capacity 54952K, committed 55168K, reserved 1097728K
  class space    used 6995K, capacity 7790K, committed 7808K, reserved 1048576K
Event: 1490.141 GC heap after
Heap after GC invocations=22 (full 5):
 PSYoungGen      total 231936K, used 0K [0x00000000eab00000, 0x00000000fbc00000, 0x0000000100000000)
  eden space 222208K, 0% used [0x00000000eab00000,0x00000000eab00000,0x00000000f8400000)
  from space 9728K, 0% used [0x00000000f8400000,0x00000000f8400000,0x00000000f8d80000)
  to   space 28672K, 0% used [0x00000000fa000000,0x00000000fa000000,0x00000000fbc00000)
 ParOldGen       total 111616K, used 44225K [0x00000000c0000000, 0x00000000c6d00000, 0x00000000eab00000)
  object space 111616K, 39% used [0x00000000c0000000,0x00000000c2b30578,0x00000000c6d00000)
 Metaspace       used 52772K, capacity 54952K, committed 55168K, reserved 1097728K
  class space    used 6995K, capacity 7790K, committed 7808K, reserved 1048576K
}
Event: 1512.854 GC heap before
{Heap before GC invocations=23 (full 5):
 PSYoungGen      total 231936K, used 222208K [0x00000000eab00000, 0x00000000fbc00000, 0x0000000100000000)
  eden space 222208K, 100% used [0x00000000eab00000,0x00000000f8400000,0x00000000f8400000)
  from space 9728K, 0% used [0x00000000f8400000,0x00000000f8400000,0x00000000f8d80000)
  to   space 28672K, 0% used [0x00000000fa000000,0x00000000fa000000,0x00000000fbc00000)
 ParOldGen       total 111616K, used 44225K [0x00000000c0000000, 0x00000000c6d00000, 0x00000000eab00000)
  object space 111616K, 39% used [0x00000000c0000000,0x00000000c2b30578,0x00000000c6d00000)
 Metaspace       used 53345K, capacity 55940K, committed 56192K, reserved 1097728K
  class space    used 7099K, capacity 8046K, committed 8064K, reserved 1048576K
Event: 1512.864 GC heap after
Heap after GC invocations=23 (full 5):
 PSYoungGen      total 251392K, used 7757K [0x00000000eab00000, 0x00000000fd180000, 0x0000000100000000)
  eden space 222720K, 0% used [0x00000000eab00000,0x00000000eab00000,0x00000000f8480000)
  from space 28672K, 27% used [0x00000000fa000000,0x00000000fa7937d0,0x00000000fbc00000)
  to   space 28160K, 0% used [0x00000000f8480000,0x00000000f8480000,0x00000000fa000000)
 ParOldGen       total 111616K, used 44233K [0x00000000c0000000, 0x00000000c6d00000, 0x00000000eab00000)
  object space 111616K, 39% used [0x00000000c0000000,0x00000000c2b32578,0x00000000c6d00000)
 Metaspace       used 53345K, capacity 55940K, committed 56192K, reserved 1097728K
  class space    used 7099K, capacity 8046K, committed 8064K, reserved 1048576K
}

